<?xml version="1.0" encoding="UTF-8"?>
<testng-results skipped="0" failed="0" ignored="0" total="1" passed="1">
  <reporter-output>
  </reporter-output>
  <suite name="Default suite" duration-ms="2730" started-at="2021-06-26T17:51:23Z" finished-at="2021-06-26T17:51:26Z">
    <groups>
    </groups>
    <test name="Default test" duration-ms="2730" started-at="2021-06-26T17:51:23Z" finished-at="2021-06-26T17:51:26Z">
      <class name="TestCases.Put_or_Update_a_Product">
        <test-method status="PASS" signature="update_a_product()[pri:0, instance:TestCases.Put_or_Update_a_Product@d4342c2]" name="update_a_product" duration-ms="2703" started-at="2021-06-26T17:51:23Z" finished-at="2021-06-26T17:51:26Z">
          <reporter-output>
          </reporter-output>
        </test-method> <!-- update_a_product -->
      </class> <!-- TestCases.Put_or_Update_a_Product -->
    </test> <!-- Default test -->
  </suite> <!-- Default suite -->
</testng-results>
